D:\QT\Projects\draggableicons\images\LinSupport.dwg,Modell,06.11.2024 20:47:53,gfade,AutoCAD PDF (High Quality Print).pc3,ISO A4 (210.00 x 297.00 mm),1:0.12096,
D:\QT\Projects\draggableicons\images\LinSupport.dwg,Modell,06.11.2024 20:50:01,gfade,AutoCAD PDF (High Quality Print).pc3,ISO A4 (210.00 x 297.00 mm),1:0.126,
D:\QT\Projects\draggableicons\images\LinSupport.dwg,Modell,06.11.2024 20:50:57,gfade,AutoCAD PDF (High Quality Print).pc3,ISO A4 (210.00 x 297.00 mm),1:0.12096,
D:\QT\Projects\draggableicons\images\LinSupport.dwg,Modell,06.11.2024 20:52:41,gfade,AutoCAD PDF (High Quality Print).pc3,ISO A4 (210.00 x 297.00 mm),1:0.126,
D:\QT\Projects\draggableicons\images\FixedSupport.dwg,Modell,06.11.2024 20:53:16,gfade,AutoCAD PDF (High Quality Print).pc3,ISO A4 (210.00 x 297.00 mm),1:0.126,
D:\QT\Projects\draggableicons\images\VarSupport.dwg,Modell,06.11.2024 20:53:46,gfade,AutoCAD PDF (High Quality Print).pc3,ISO A4 (210.00 x 297.00 mm),1:0.126,
D:\QT\Projects\draggableicons\images\LinSupport.dwg,Modell,06.11.2024 20:56:55,gfade,AutoCAD PDF (High Quality Print).pc3,ISO A4 (210.00 x 297.00 mm),1:0.126,
D:\QT\Projects\draggableicons\images\LinSupport.dwg,Modell,06.11.2024 21:02:37,gfade,AutoCAD PDF (High Quality Print).pc3,ISO A4 (210.00 x 297.00 mm),1:0.126,
D:\QT\Projects\draggableicons\images\FixedSupport.dwg,Modell,07.11.2024 18:55:19,gfade,DWG To PDF.pc3,ISO A4 (210.00 x 297.00 mm),1:0.126,
D:\QT\Projects\draggableicons\images\FixedSupport.dwg,Layout1,07.11.2024 19:04:49,gfade,DWG To PDF.pc3,ISO A4 (210.00 x 297.00 mm),1:1,
D:\QT\Projects\draggableicons\images\FixedSupport.dwg,Modell,07.11.2024 19:07:54,gfade,DWG To PDF.pc3,ISO A4 (210.00 x 297.00 mm),1:0.2241,
D:\QT\Projects\draggableicons\images\LinSupport.dwg,Modell,07.11.2024 19:08:22,gfade,DWG To PDF.pc3,ISO A4 (210.00 x 297.00 mm),1:0.356368,
D:\QT\Projects\draggableicons\images\VarSupport.dwg,Modell,07.11.2024 19:10:01,gfade,DWG To PDF.pc3,ISO A4 (210.00 x 297.00 mm),1:0.223272,
D:\QT\Projects\draggableicons\images\FixedSupport.dwg,Modell,07.11.2024 19:12:14,gfade,DWG To PDF.pc3,ISO A4 (210.00 x 297.00 mm),1:0.224102,
D:\QT\Projects\draggableicons\images\LinSupport.dwg,Modell,07.11.2024 19:12:26,gfade,DWG To PDF.pc3,ISO A4 (210.00 x 297.00 mm),1:0.356368,
D:\QT\Projects\draggableicons\images\VarSupport.dwg,Modell,07.11.2024 19:12:34,gfade,DWG To PDF.pc3,ISO A4 (210.00 x 297.00 mm),1:0.223272,
D:\QT\Projects\draggableicons\images\FixedSupport.dwg,Modell,07.11.2024 19:14:47,gfade,DWG To PDF.pc3,ISO A4 (210.00 x 297.00 mm),1:1,
D:\QT\Projects\draggableicons\images\FixedSupport.dwg,Modell,07.11.2024 19:15:42,gfade,DWG To PDF.pc3,ISO A4 (210.00 x 297.00 mm),1:0.25,
D:\QT\Projects\draggableicons\images\LinSupport.dwg,Modell,07.11.2024 19:15:55,gfade,DWG To PDF.pc3,ISO A4 (210.00 x 297.00 mm),1:0.25,
D:\QT\Projects\draggableicons\images\VarSupport.dwg,Modell,07.11.2024 19:16:10,gfade,DWG To PDF.pc3,ISO A4 (210.00 x 297.00 mm),1:0.25,
